2026-01-30 10:49:09,964 - Imported existing <module 'comtypes.gen' from 'C:\\Users\\varsh\\AppData\\Local\\Programs\\Python\\Python313\\Lib\\site-packages\\comtypes\\gen\\__init__.py'>
2026-01-30 10:49:09,964 - Using writeable comtypes cache directory: 'C:\Users\varsh\AppData\Local\Programs\Python\Python313\Lib\site-packages\comtypes\gen'
2026-01-30 10:49:20,670 - hello
2026-01-30 10:49:32,408 - what is the time
2026-01-30 10:49:47,367 - what is today's date
2026-01-30 10:49:59,848 - what is the weather
2026-01-30 10:50:21,361 - search artificial intelligence
2026-01-30 10:50:42,656 - open youtube
2026-01-30 10:50:58,030 - open github
2026-01-30 10:51:11,417 - send email
2026-01-30 10:52:10,004 - set reminder at 10 : 53 am
2026-01-30 10:52:27,001 - who is elon
2026-01-30 10:52:37,899 - who is prabha
2026-01-30 10:52:47,469 - who is prabha
2026-01-30 10:52:59,356 - what is mathematics
2026-01-30 10:53:20,250 - who is elon musk
2026-01-30 10:53:40,637 - who is
2026-01-30 10:54:02,951 - exit
2026-01-30 10:55:29,027 - Imported existing <module 'comtypes.gen' from 'C:\\Users\\varsh\\AppData\\Local\\Programs\\Python\\Python313\\Lib\\site-packages\\comtypes\\gen\\__init__.py'>
2026-01-30 10:55:29,027 - Using writeable comtypes cache directory: 'C:\Users\varsh\AppData\Local\Programs\Python\Python313\Lib\site-packages\comtypes\gen'
2026-01-30 10:55:38,706 - who is elon musk
2026-01-30 10:55:57,744 - who is prabha
